Model Name:	SonyA7S2_ELD_Official
Architecture:	UNetSeeInDark
TrainDataset:	SID_Dataset
EvalDataset:	ELD_Dataset
CameraType:	SonyA7S2
num_channels:	32
BatchSize:	1
PatchSize:	512
LearningRate:	0.0002
Epoch:		1800
num_workers:	4
Command:	
Let's use 1 GPUs!
2022-05-12 16:49:44 >>  ELD Datasets: Dgain=100
2022-05-12 16:52:12 >>  Epoch -1: PSNR=45.45
psnrs_lr=30.98, psnrs_dn=45.45
ssims_lr=0.4878, ssims_dn=0.9754
2022-05-12 16:52:12 >>  ELD Datasets: Dgain=200
2022-05-12 16:54:36 >>  Epoch -1: PSNR=43.43
psnrs_lr=25.95, psnrs_dn=43.43
ssims_lr=0.2195, ssims_dn=0.9544
2022-05-12 16:54:47 >>  SID Datasets: Dgain=100
2022-05-12 16:58:06 >>  Epoch -1: PSNR=41.95
psnrs_lr=29.21, psnrs_dn=41.95
ssims_lr=0.5213, ssims_dn=0.9530
2022-05-12 16:58:06 >>  SID Datasets: Dgain=250
2022-05-12 17:01:21 >>  Epoch -1: PSNR=39.44
psnrs_lr=23.77, psnrs_dn=39.44
ssims_lr=0.3286, ssims_dn=0.9307
2022-05-12 17:01:21 >>  SID Datasets: Dgain=300
2022-05-12 17:05:12 >>  Epoch -1: PSNR=36.36
psnrs_lr=22.26, psnrs_dn=36.36
ssims_lr=0.2691, ssims_dn=0.9114
